<?xml version="1.0" encoding="UTF-8"?>
<!-- Generated by org.testng.reporters.JUnitReportReporter -->
<testsuite hostname="DESKTOP-BLC2PF7" failures="0" tests="3" name="testNg.Sumo" time="0.007" errors="0" timestamp="2023-01-19T15:07:17 IST" skipped="0">
  <testcase classname="testNg.Sumo" name="semo2" time="0.001"/>
  <system-out>
    <![CDATA[this is Semo2 method!!!!]]>
  </system-out>
  <testcase classname="testNg.Sumo" name="semo" time="0.002"/>
  <system-out>
    <![CDATA[this is Semo method!!]]>
  </system-out>
  <testcase classname="testNg.Sumo" name="semo1" time="0.004"/>
  <system-out>
    <![CDATA[this is Semo1 method!!!]]>
  </system-out>
</testsuite> <!-- testNg.Sumo -->
