<?xml version="1.0" encoding="UTF-8"?>
<!-- Generated by org.testng.reporters.JUnitReportReporter -->
<testsuite hostname="DESKTOP-BLC2PF7" failures="0" tests="2" name="testNGParallelExicution.TestNg4" time="0.019" errors="0" timestamp="2023-01-23T14:44:16 IST" skipped="0">
  <testcase classname="testNGParallelExicution.TestNg4" name="today" time="0.015"/>
  <system-out>
    <![CDATA[today17is the thread]]>
  </system-out>
  <testcase classname="testNGParallelExicution.TestNg4" name="tommorow" time="0.004"/>
  <system-out>
    <![CDATA[tommorow17is the thread]]>
  </system-out>
</testsuite> <!-- testNGParallelExicution.TestNg4 -->
