<?xml version="1.0" encoding="UTF-8"?>
<!-- Generated by org.testng.reporters.JUnitReportReporter -->
<testsuite hostname="DESKTOP-BLC2PF7" failures="0" tests="9" name="testNg2.PreorityClass" time="0.071" errors="0" timestamp="2023-01-21T14:22:56 IST" skipped="0">
  <testcase classname="testNg2.PreorityClass" name="k" time="0.006"/>
  <system-out>
    <![CDATA[k]]>
  </system-out>
  <testcase classname="testNg2.PreorityClass" name="g" time="0.018"/>
  <system-out>
    <![CDATA[g]]>
  </system-out>
  <testcase classname="testNg2.PreorityClass" name="i" time="0.004"/>
  <system-out>
    <![CDATA[i]]>
  </system-out>
  <testcase classname="testNg2.PreorityClass" name="b" time="0.009"/>
  <system-out>
    <![CDATA[b]]>
  </system-out>
  <testcase classname="testNg2.PreorityClass" name="a" time="0.016"/>
  <system-out>
    <![CDATA[a]]>
  </system-out>
  <testcase classname="testNg2.PreorityClass" name="h" time="0.005"/>
  <system-out>
    <![CDATA[h]]>
  </system-out>
  <testcase classname="testNg2.PreorityClass" name="p" time="0.004"/>
  <system-out>
    <![CDATA[p]]>
  </system-out>
  <testcase classname="testNg2.PreorityClass" name="z" time="0.006"/>
  <system-out>
    <![CDATA[z]]>
  </system-out>
  <testcase classname="testNg2.PreorityClass" name="m" time="0.003"/>
  <system-out>
    <![CDATA[m]]>
  </system-out>
</testsuite> <!-- testNg2.PreorityClass -->
