<?xml version="1.0" encoding="UTF-8"?>
<!-- Generated by org.testng.reporters.JUnitReportReporter -->
<testsuite hostname="DESKTOP-BLC2PF7" failures="0" tests="10" name="testNg2.Flag6" time="0.050" errors="0" timestamp="2023-01-21T15:05:54 IST" skipped="0">
  <testcase classname="testNg2.Flag6" name="it1" time="0.017"/>
  <system-out>
    <![CDATA[Integration Testing]]>
  </system-out>
  <testcase classname="testNg2.Flag6" name="st2" time="0.002"/>
  <system-out>
    <![CDATA[System2 Testing]]>
  </system-out>
  <testcase classname="testNg2.Flag6" name="it3" time="0.010"/>
  <system-out>
    <![CDATA[Integration3 Testing]]>
  </system-out>
  <testcase classname="testNg2.Flag6" name="it2" time="0.003"/>
  <system-out>
    <![CDATA[Integration2 Testing]]>
  </system-out>
  <testcase classname="testNg2.Flag6" name="it5" time="0.002"/>
  <system-out>
    <![CDATA[Integration5 Testing]]>
  </system-out>
  <testcase classname="testNg2.Flag6" name="st5" time="0.004"/>
  <system-out>
    <![CDATA[System5 Testing]]>
  </system-out>
  <testcase classname="testNg2.Flag6" name="it4" time="0.005"/>
  <system-out>
    <![CDATA[Integration4 Testing]]>
  </system-out>
  <testcase classname="testNg2.Flag6" name="st1" time="0.003"/>
  <system-out>
    <![CDATA[System Testing]]>
  </system-out>
  <testcase classname="testNg2.Flag6" name="st3" time="0.002"/>
  <system-out>
    <![CDATA[System3 Testing]]>
  </system-out>
  <testcase classname="testNg2.Flag6" name="st4" time="0.002"/>
  <system-out>
    <![CDATA[System4 Testing]]>
  </system-out>
</testsuite> <!-- testNg2.Flag6 -->
