<?xml version="1.0" encoding="UTF-8"?>
<!-- Generated by org.testng.reporters.JUnitReportReporter -->
<testsuite hostname="DESKTOP-BLC2PF7" failures="0" tests="3" name="testNg2.Flag4" time="0.022" errors="0" timestamp="2023-01-23T22:49:22 IST" skipped="0">
  <testcase classname="testNg2.Flag4" name="createUser" time="0.003"/>
  <system-out>
    <![CDATA[User Created]]>
  </system-out>
  <testcase classname="testNg2.Flag4" name="logOutMethod" time="0.005"/>
  <system-out>
    <![CDATA[Log out is done]]>
  </system-out>
  <testcase classname="testNg2.Flag4" name="logInMethod" time="0.014"/>
  <system-out>
    <![CDATA[Log in is done!!]]>
  </system-out>
</testsuite> <!-- testNg2.Flag4 -->
