<?xml version="1.0" encoding="UTF-8"?>
<!-- Generated by org.testng.reporters.JUnitReportReporter -->
<testsuite hostname="DESKTOP-BLC2PF7" failures="0" tests="2" name="testNGParallelExicution.TestNg3" time="0.049" errors="0" timestamp="2023-01-23T14:10:23 IST" skipped="0">
  <testcase classname="testNGParallelExicution.TestNg3" name="method2" time="0.028"/>
  <system-out>
    <![CDATA[method2]]>
  </system-out>
  <testcase classname="testNGParallelExicution.TestNg3" name="method1" time="0.021"/>
  <system-out>
    <![CDATA[method1]]>
  </system-out>
</testsuite> <!-- testNGParallelExicution.TestNg3 -->
