<?xml version="1.0" encoding="UTF-8"?>
<!-- Generated by org.testng.reporters.JUnitReportReporter -->
<testsuite hostname="DESKTOP-BLC2PF7" failures="0" tests="3" name="testNg.Remo" time="0.013" errors="0" timestamp="2023-01-19T15:07:17 IST" skipped="0">
  <testcase classname="testNg.Remo" name="remo1" time="0.005"/>
  <system-out>
    <![CDATA[this is Remo1 method!!!]]>
  </system-out>
  <testcase classname="testNg.Remo" name="remo" time="0.005"/>
  <system-out>
    <![CDATA[this is Remo method!!]]>
  </system-out>
  <testcase classname="testNg.Remo" name="remo2" time="0.003"/>
  <system-out>
    <![CDATA[this is Remo2 method!!!!]]>
  </system-out>
</testsuite> <!-- testNg.Remo -->
