<?xml version="1.0" encoding="UTF-8"?>
<!-- Generated by org.testng.reporters.JUnitReportReporter -->
<testsuite hostname="DESKTOP-BLC2PF7" failures="0" tests="2" name="testNg2.NoAnnotations" time="0.049" errors="0" timestamp="2023-01-23T22:17:04 IST" skipped="0">
  <testcase classname="testNg2.NoAnnotations" name="test2" time="0.025"/>
  <system-out>
    <![CDATA[@Test Annotation]]>
  </system-out>
  <testcase classname="testNg2.NoAnnotations" name="test" time="0.024"/>
  <system-out>
    <![CDATA[@Test Annotation]]>
  </system-out>
</testsuite> <!-- testNg2.NoAnnotations -->
