<?xml version="1.0" encoding="UTF-8"?>
<!-- Generated by org.testng.reporters.JUnitReportReporter -->
<testsuite hostname="DESKTOP-BLC2PF7" failures="0" tests="10" name="testNg2.Flag3" time="65.659" errors="0" timestamp="2023-01-23T22:33:50 IST" skipped="0">
  <testcase classname="testNg2.Flag3" name="flag3" time="6.653"/>
  <system-out/>
  <testcase classname="testNg2.Flag3" name="flag3" time="5.068"/>
  <system-out/>
  <testcase classname="testNg2.Flag3" name="flag3" time="3.997"/>
  <system-out/>
  <testcase classname="testNg2.Flag3" name="flag3" time="14.140"/>
  <system-out/>
  <testcase classname="testNg2.Flag3" name="flag3" time="5.082"/>
  <system-out/>
  <testcase classname="testNg2.Flag3" name="flag3" time="4.856"/>
  <system-out/>
  <testcase classname="testNg2.Flag3" name="flag3" time="5.888"/>
  <system-out/>
  <testcase classname="testNg2.Flag3" name="flag3" time="6.065"/>
  <system-out/>
  <testcase classname="testNg2.Flag3" name="flag3" time="4.936"/>
  <system-out/>
  <testcase classname="testNg2.Flag3" name="flag3" time="8.974"/>
  <system-out/>
</testsuite> <!-- testNg2.Flag3 -->
