<?xml version="1.0" encoding="UTF-8"?>
<!-- Generated by org.testng.reporters.JUnitReportReporter -->
<testsuite hostname="DESKTOP-BLC2PF7" failures="0" tests="1" name="testNg2.SlectBrowser" time="3.241" errors="0" timestamp="2023-01-23T15:37:20 IST" skipped="0">
  <testcase classname="testNg2.SlectBrowser" name="openBrowser" time="3.241"/>
  <system-out/>
</testsuite> <!-- testNg2.SlectBrowser -->
