<?xml version="1.0" encoding="UTF-8"?>
<!-- Generated by org.testng.reporters.JUnitReportReporter -->
<testsuite hostname="DESKTOP-BLC2PF7" failures="0" tests="1" name="testNg.Demo" time="0.013" errors="0" timestamp="2023-01-19T15:26:53 IST" skipped="0">
  <testcase classname="testNg.Demo" name="demo2" time="0.013"/>
  <system-out>
    <![CDATA[This is method of Demo2 class !!]]>
  </system-out>
</testsuite> <!-- testNg.Demo -->
