<?xml version="1.0" encoding="UTF-8"?>
<!-- Generated by org.testng.reporters.JUnitReportReporter -->
<testsuite hostname="DESKTOP-BLC2PF7" failures="0" tests="1" name="testNg2.Class2" time="20.704" errors="0" timestamp="2023-01-20T14:27:58 IST" skipped="0">
  <testcase classname="testNg2.Class2" name="mt" time="20.704"/>
  <system-out/>
</testsuite> <!-- testNg2.Class2 -->
